lisp/bep-css-speech.el
lisp/bep-setup.el
lisp/bep-voices.el
lisp/dtk-speak.el
lisp/dtk-tcl.el
lisp/emacspeak-advice.el
lisp/emacspeak-egg.el
lisp/emacspeak-ja-tbl.el
lisp/emacspeak-kkc.el
lisp/emacspeak-liece.el
lisp/emacspeak-m17n-ja.el
lisp/emacspeak-m17n-setup.el
lisp/emacspeak-mew.el
lisp/emacspeak-redefine.el
lisp/emacspeak-semi.el
lisp/emacspeak-speak.el
lisp/emacspeak-w3m.el
lisp/yahtml-voice.el
lisp/Makefile
realaudio/ja/radio/champla.ram
realaudio/ja/radio/fm-jaigo.ram
realaudio/ja/radio/fm-miki.ram
realaudio/ja/radio/fmyy.ram
realaudio/ja/radio/katsushika-fm.ram
realaudio/ja/radio/shona.ram

realaudio/ja/radio/CVS:
Entries
Repository
Root
